# JRE version: OpenJDK Runtime Environment (8.0_152) (build 1.8.0_152-release-1343-b16-5323222)
# Java VM: OpenJDK 64-Bit Server VM (25.152-b16-5323222 mixed mode linux-amd64 compressed oops)
Heap:
 PSYoungGen      total 349696K, used 0K [0x00000000e0000000, 0x0000000100000000, 0x0000000100000000)
  eden space 175104K, 0% used [0x00000000e0000000,0x00000000e0000000,0x00000000eab00000)
  from space 174592K, 0% used [0x00000000f5580000,0x00000000f5580000,0x0000000100000000)
  to   space 174592K, 0% used [0x00000000eab00000,0x00000000eab00000,0x00000000f5580000)
 ParOldGen       total 624640K, used 359483K [0x00000000a0000000, 0x00000000c6200000, 0x00000000e0000000)
  object space 624640K, 57% used [0x00000000a0000000,0x00000000b5f0ee78,0x00000000c6200000)
 Metaspace       used 110460K, capacity 116930K, committed 119040K, reserved 1153024K
  class space    used 14208K, capacity 15450K, committed 15872K, reserved 1048576K
GC Heap History (10 events):
Event: 8459.477 GC heap after
Heap after GC invocations=93 (full 15):
 PSYoungGen      total 349696K, used 54045K [0x00000000e0000000, 0x0000000100000000, 0x0000000100000000)
  eden space 175104K, 0% used [0x00000000e0000000,0x00000000e0000000,0x00000000eab00000)
  from space 174592K, 30% used [0x00000000f5580000,0x00000000f8a47600,0x0000000100000000)
  to   space 174592K, 0% used [0x00000000eab00000,0x00000000eab00000,0x00000000f5580000)
 ParOldGen       total 624640K, used 330064K [0x00000000a0000000, 0x00000000c6200000, 0x00000000e0000000)
  object space 624640K, 52% used [0x00000000a0000000,0x00000000b42542f8,0x00000000c6200000)
 Metaspace       used 110460K, capacity 116930K, committed 119040K, reserved 1153024K
  class space    used 14208K, capacity 15450K, committed 15872K, reserved 1048576K
}
Event: 8459.511 GC heap before
{Heap before GC invocations=94 (full 15):
 PSYoungGen      total 349696K, used 203323K [0x00000000e0000000, 0x0000000100000000, 0x0000000100000000)
  eden space 175104K, 85% used [0x00000000e0000000,0x00000000e91c77e8,0x00000000eab00000)
  from space 174592K, 30% used [0x00000000f5580000,0x00000000f8a47600,0x0000000100000000)
  to   space 174592K, 0% used [0x00000000eab00000,0x00000000eab00000,0x00000000f5580000)
 ParOldGen       total 624640K, used 330064K [0x00000000a0000000, 0x00000000c6200000, 0x00000000e0000000)
  object space 624640K, 52% used [0x00000000a0000000,0x00000000b42542f8,0x00000000c6200000)
 Metaspace       used 110460K, capacity 116930K, committed 119040K, reserved 1153024K
  class space    used 14208K, capacity 15450K, committed 15872K, reserved 1048576K
Event: 8459.534 GC heap after
Heap after GC invocations=94 (full 15):
 PSYoungGen      total 229376K, used 54022K [0x00000000e0000000, 0x00000000ffc00000, 0x0000000100000000)
  eden space 175104K, 0% used [0x00000000e0000000,0x00000000e0000000,0x00000000eab00000)
  from space 54272K, 99% used [0x00000000eab00000,0x00000000edfc1bd0,0x00000000ee000000)
  to   space 172544K, 0% used [0x00000000f5380000,0x00000000f5380000,0x00000000ffc00000)
 ParOldGen       total 624640K, used 360986K [0x00000000a0000000, 0x00000000c6200000, 0x00000000e0000000)
  object space 624640K, 57% used [0x00000000a0000000,0x00000000b60868a8,0x00000000c6200000)
 Metaspace       used 110460K, capacity 116930K, committed 119040K, reserved 1153024K
  class space    used 14208K, capacity 15450K, committed 15872K, reserved 1048576K
}
Event: 8459.571 GC heap before
{Heap before GC invocations=95 (full 15):
 PSYoungGen      total 229376K, used 226547K [0x00000000e0000000, 0x00000000ffc00000, 0x0000000100000000)
  eden space 175104K, 98% used [0x00000000e0000000,0x00000000ea87b310,0x00000000eab00000)
  from space 54272K, 99% used [0x00000000eab00000,0x00000000edfc1bd0,0x00000000ee000000)
  to   space 172544K, 0% used [0x00000000f5380000,0x00000000f5380000,0x00000000ffc00000)
 ParOldGen       total 624640K, used 360986K [0x00000000a0000000, 0x00000000c6200000, 0x00000000e0000000)
  object space 624640K, 57% used [0x00000000a0000000,0x00000000b60868a8,0x00000000c6200000)
 Metaspace       used 110460K, capacity 116930K, committed 119040K, reserved 1153024K
  class space    used 14208K, capacity 15450K, committed 15872K, reserved 1048576K
Event: 8459.596 GC heap after
Heap after GC invocations=95 (full 15):
 PSYoungGen      total 355328K, used 69347K [0x00000000e0000000, 0x0000000100000000, 0x0000000100000000)
  eden space 182784K, 0% used [0x00000000e0000000,0x00000000e0000000,0x00000000eb280000)
  from space 172544K, 40% used [0x00000000f5380000,0x00000000f9738f78,0x00000000ffc00000)
  to   space 164864K, 0% used [0x00000000eb280000,0x00000000eb280000,0x00000000f5380000)
 ParOldGen       total 624640K, used 391853K [0x00000000a0000000, 0x00000000c6200000, 0x00000000e0000000)
  object space 624640K, 62% used [0x00000000a0000000,0x00000000b7eab438,0x00000000c6200000)
 Metaspace       used 110460K, capacity 116930K, committed 119040K, reserved 1153024K
  class space    used 14208K, capacity 15450K, committed 15872K, reserved 1048576K
}
Event: 8459.647 GC heap before
{Heap before GC invocations=96 (full 15):
 PSYoungGen      total 355328K, used 242469K [0x00000000e0000000, 0x0000000100000000, 0x0000000100000000)
  eden space 182784K, 94% used [0x00000000e0000000,0x00000000ea910670,0x00000000eb280000)
  from space 172544K, 40% used [0x00000000f5380000,0x00000000f9738f78,0x00000000ffc00000)
  to   space 164864K, 0% used [0x00000000eb280000,0x00000000eb280000,0x00000000f5380000)
 ParOldGen       total 624640K, used 391853K [0x00000000a0000000, 0x00000000c6200000, 0x00000000e0000000)
  object space 624640K, 62% used [0x00000000a0000000,0x00000000b7eab438,0x00000000c6200000)
 Metaspace       used 110460K, capacity 116930K, committed 119040K, reserved 1153024K
  class space    used 14208K, capacity 15450K, committed 15872K, reserved 1048576K
Event: 8459.695 GC heap after
Heap after GC invocations=96 (full 15):
 PSYoungGen      total 347648K, used 161987K [0x00000000e0000000, 0x0000000100000000, 0x0000000100000000)
  eden space 182784K, 0% used [0x00000000e0000000,0x00000000e0000000,0x00000000eb280000)
  from space 164864K, 98% used [0x00000000eb280000,0x00000000f50b0e88,0x00000000f5380000)
  to   space 174592K, 0% used [0x00000000f5580000,0x00000000f5580000,0x0000000100000000)
 ParOldGen       total 624640K, used 445772K [0x00000000a0000000, 0x00000000c6200000, 0x00000000e0000000)
  object space 624640K, 71% used [0x00000000a0000000,0x00000000bb353220,0x00000000c6200000)
 Metaspace       used 110460K, capacity 116930K, committed 119040K, reserved 1153024K
  class space    used 14208K, capacity 15450K, committed 15872K, reserved 1048576K
}
Event: 8459.743 GC heap before
{Heap before GC invocations=97 (full 15):
 PSYoungGen      total 347648K, used 342595K [0x00000000e0000000, 0x0000000100000000, 0x0000000100000000)
  eden space 182784K, 98% used [0x00000000e0000000,0x00000000eb0600c0,0x00000000eb280000)
  from space 164864K, 98% used [0x00000000eb280000,0x00000000f50b0e88,0x00000000f5380000)
  to   space 174592K, 0% used [0x00000000f5580000,0x00000000f5580000,0x0000000100000000)
 ParOldGen       total 624640K, used 445772K [0x00000000a0000000, 0x00000000c6200000, 0x00000000e0000000)
  object space 624640K, 71% used [0x00000000a0000000,0x00000000bb353220,0x00000000c6200000)
 Metaspace       used 110460K, capacity 116930K, committed 119040K, reserved 1153024K
  class space    used 14208K, capacity 15450K, committed 15872K, reserved 1048576K
Event: 8459.786 GC heap after
Heap after GC invocations=97 (full 15):
 PSYoungGen      total 349696K, used 38687K [0x00000000e0000000, 0x0000000100000000, 0x0000000100000000)
  eden space 175104K, 0% used [0x00000000e0000000,0x00000000e0000000,0x00000000eab00000)
  from space 174592K, 22% used [0x00000000f5580000,0x00000000f7b47d78,0x0000000100000000)
  to   space 174592K, 0% used [0x00000000eab00000,0x00000000eab00000,0x00000000f5580000)
 ParOldGen       total 624640K, used 569111K [0x00000000a0000000, 0x00000000c6200000, 0x00000000e0000000)
  object space 624640K, 91% used [0x00000000a0000000,0x00000000c2bc5e20,0x00000000c6200000)
 Metaspace       used 110460K, capacity 116930K, committed 119040K, reserved 1153024K
  class space    used 14208K, capacity 15450K, committed 15872K, reserved 1048576K
}
Event: 8459.786 GC heap before
{Heap before GC invocations=98 (full 16):
 PSYoungGen      total 349696K, used 38687K [0x00000000e0000000, 0x0000000100000000, 0x0000000100000000)
  eden space 175104K, 0% used [0x00000000e0000000,0x00000000e0000000,0x00000000eab00000)
  from space 174592K, 22% used [0x00000000f5580000,0x00000000f7b47d78,0x0000000100000000)
  to   space 174592K, 0% used [0x00000000eab00000,0x00000000eab00000,0x00000000f5580000)
 ParOldGen       total 624640K, used 569111K [0x00000000a0000000, 0x00000000c6200000, 0x00000000e0000000)
  object space 624640K, 91% used [0x00000000a0000000,0x00000000c2bc5e20,0x00000000c6200000)
 Metaspace       used 110460K, capacity 116930K, committed 119040K, reserved 1153024K
  class space    used 14208K, capacity 15450K, committed 15872K, reserved 1048576K

